<?xml version="1.0" encoding="UTF-8"?>
<!-- Generated by org.testng.reporters.JUnitXMLReporter -->
<testsuite hostname="KANDANTHIVYASKANEENI" ignored="0" name="Default test" tests="3" failures="0" timestamp="25 Nov 2020 06:46:04 GMT" time="37.943" errors="0">
  <testcase name="loginTitleTest" time="0.049" classname="com.logo.qa.testcases.LoginPageTest"/>
  <testcase name="loginImageTest" time="1.945" classname="com.logo.qa.testcases.LoginPageTest"/>
  <testcase name="loginTest" time="3.665" classname="com.logo.qa.testcases.LoginPageTest"/>
</testsuite> <!-- Default test -->
