<?xml version="1.0" encoding="UTF-8"?>
<testng-results skipped="0" failed="0" ignored="0" total="3" passed="3">
  <reporter-output>
  </reporter-output>
  <suite name="Default suite" duration-ms="37943" started-at="2020-11-25T06:45:26Z" finished-at="2020-11-25T06:46:03Z">
    <groups>
    </groups>
    <test name="Default test" duration-ms="37943" started-at="2020-11-25T06:45:26Z" finished-at="2020-11-25T06:46:03Z">
      <class name="com.logo.qa.testcases.LoginPageTest">
        <test-method status="PASS" signature="SetUp()[pri:0, instance:com.logo.qa.testcases.LoginPageTest@c4039c]" name="SetUp" is-config="true" duration-ms="11863" started-at="2020-11-25T06:45:26Z" finished-at="2020-11-25T06:45:37Z">
          <reporter-output>
          </reporter-output>
        </test-method> <!-- SetUp -->
        <test-method status="PASS" signature="loginTitleTest()[pri:1, instance:com.logo.qa.testcases.LoginPageTest@c4039c]" name="loginTitleTest" duration-ms="49" started-at="2020-11-25T06:45:37Z" finished-at="2020-11-25T06:45:37Z">
          <reporter-output>
          </reporter-output>
        </test-method> <!-- loginTitleTest -->
        <test-method status="PASS" signature="close()[pri:0, instance:com.logo.qa.testcases.LoginPageTest@c4039c]" name="close" is-config="true" duration-ms="279" started-at="2020-11-25T06:45:37Z" finished-at="2020-11-25T06:45:38Z">
          <reporter-output>
          </reporter-output>
        </test-method> <!-- close -->
        <test-method status="PASS" signature="SetUp()[pri:0, instance:com.logo.qa.testcases.LoginPageTest@c4039c]" name="SetUp" is-config="true" duration-ms="9853" started-at="2020-11-25T06:45:38Z" finished-at="2020-11-25T06:45:48Z">
          <reporter-output>
          </reporter-output>
        </test-method> <!-- SetUp -->
        <test-method status="PASS" signature="loginImageTest()[pri:2, instance:com.logo.qa.testcases.LoginPageTest@c4039c]" name="loginImageTest" duration-ms="1945" started-at="2020-11-25T06:45:48Z" finished-at="2020-11-25T06:45:50Z">
          <reporter-output>
          </reporter-output>
        </test-method> <!-- loginImageTest -->
        <test-method status="PASS" signature="close()[pri:0, instance:com.logo.qa.testcases.LoginPageTest@c4039c]" name="close" is-config="true" duration-ms="235" started-at="2020-11-25T06:45:50Z" finished-at="2020-11-25T06:45:50Z">
          <reporter-output>
          </reporter-output>
        </test-method> <!-- close -->
        <test-method status="PASS" signature="SetUp()[pri:0, instance:com.logo.qa.testcases.LoginPageTest@c4039c]" name="SetUp" is-config="true" duration-ms="9704" started-at="2020-11-25T06:45:50Z" finished-at="2020-11-25T06:46:00Z">
          <reporter-output>
          </reporter-output>
        </test-method> <!-- SetUp -->
        <test-method status="PASS" signature="loginTest()[pri:3, instance:com.logo.qa.testcases.LoginPageTest@c4039c]" name="loginTest" duration-ms="3665" started-at="2020-11-25T06:46:00Z" finished-at="2020-11-25T06:46:03Z">
          <reporter-output>
          </reporter-output>
        </test-method> <!-- loginTest -->
        <test-method status="PASS" signature="close()[pri:0, instance:com.logo.qa.testcases.LoginPageTest@c4039c]" name="close" is-config="true" duration-ms="293" started-at="2020-11-25T06:46:03Z" finished-at="2020-11-25T06:46:03Z">
          <reporter-output>
          </reporter-output>
        </test-method> <!-- close -->
      </class> <!-- com.logo.qa.testcases.LoginPageTest -->
    </test> <!-- Default test -->
  </suite> <!-- Default suite -->
</testng-results>
